<?xml version="1.0" encoding="UTF-8"?>
<testng-results skipped="0" failed="0" total="1" passed="1">
  <reporter-output>
  </reporter-output>
  <suite name="Default suite" duration-ms="106" started-at="2019-10-31T09:04:34Z" finished-at="2019-10-31T09:04:34Z">
    <groups>
    </groups>
    <test name="Default test" duration-ms="106" started-at="2019-10-31T09:04:34Z" finished-at="2019-10-31T09:04:34Z">
      <class name="com.pac1.Sample1">
        <test-method status="PASS" signature="test()[pri:0, instance:com.pac1.Sample1@3c09711b]" name="test" duration-ms="35" started-at="2019-10-31T14:34:34Z" finished-at="2019-10-31T14:34:34Z">
          <reporter-output>
          </reporter-output>
        </test-method> <!-- test -->
      </class> <!-- com.pac1.Sample1 -->
    </test> <!-- Default test -->
  </suite> <!-- Default suite -->
</testng-results>
